<?xml version="1.0" encoding="UTF-8"?>
<!-- Generated by org.testng.reporters.JUnitReportReporter -->
<testsuite hostname="Shubhams-MacBook-Pro.local" failures="0" tests="1" name="controlExample.HandleCheckbox" time="0.092" errors="0" timestamp="2024-03-13T09:58:55 IST" skipped="0">
  <testcase classname="controlExample.HandleCheckbox" name="verifyCheckbox" time="0.092"/>
  <system-out/>
</testsuite> <!-- controlExample.HandleCheckbox -->
