<?xml version="1.0" encoding="UTF-8"?>
<!-- Generated by org.testng.reporters.JUnitReportReporter -->
<testsuite hostname="Shubhams-MacBook-Pro.local" failures="0" tests="1" name="controlExample.HandleRadioButton" time="0.052" errors="0" timestamp="2024-03-13T10:03:28 IST" skipped="0">
  <testcase classname="controlExample.HandleRadioButton" name="verifyInputbox" time="0.052"/>
  <system-out/>
</testsuite> <!-- controlExample.HandleRadioButton -->
