<?xml version="1.0" encoding="UTF-8"?>
<!-- Generated by org.testng.reporters.JUnitReportReporter -->
<testsuite hostname="Shubhams-MacBook-Pro.local" failures="0" tests="1" name="actionExample.SampleAppFrame" time="2.911" errors="0" timestamp="2024-03-13T18:17:03 IST" skipped="0">
  <testcase classname="actionExample.SampleAppFrame" name="verifyRegisterStudent" time="2.911"/>
  <system-out/>
</testsuite> <!-- actionExample.SampleAppFrame -->
