<?xml version="1.0" encoding="UTF-8"?>
<!-- Generated by org.testng.reporters.JUnitReportReporter -->
<testsuite hostname="Shubhams-MacBook-Pro.local" failures="0" tests="1" name="controlExample.HandleDropDown" time="9.143" errors="0" timestamp="2024-03-13T11:20:21 IST" skipped="0">
  <testcase classname="controlExample.HandleDropDown" name="verifyListBox2" time="9.143"/>
  <system-out/>
</testsuite> <!-- controlExample.HandleDropDown -->
