<?xml version="1.0" encoding="UTF-8"?>
<!-- Generated by org.testng.reporters.JUnitReportReporter -->
<testsuite hostname="Shubhams-MacBook-Pro.local" failures="0" tests="2" name="actionExample.RightClickDoubleClick" time="4.332" errors="0" timestamp="2024-03-13T18:14:20 IST" skipped="0">
  <testcase classname="actionExample.RightClickDoubleClick" name="doubleClickTest" time="4.186"/>
  <system-out/>
  <testcase classname="actionExample.RightClickDoubleClick" name="rightClickTest" time="0.146"/>
  <system-out/>
</testsuite> <!-- actionExample.RightClickDoubleClick -->
