<?xml version="1.0" encoding="UTF-8"?>
<!-- Generated by org.testng.reporters.JUnitReportReporter -->
<testsuite hostname="Shubhams-MacBook-Pro.local" failures="0" tests="6" name="testNGExample.Scenario1" time="0.006" errors="0" timestamp="2024-03-12T17:47:14 IST" skipped="0">
  <testcase classname="testNGExample.Scenario1" name="login" time="0.003"/>
  <system-out/>
  <testcase classname="testNGExample.Scenario1" name="addItem" time="0.001"/>
  <system-out/>
  <testcase classname="testNGExample.Scenario1" name="cancelOrder" time="0.000"/>
  <system-out/>
  <testcase classname="testNGExample.Scenario1" name="updateOrder" time="0.000"/>
  <system-out/>
  <testcase classname="testNGExample.Scenario1" name="payment" time="0.001"/>
  <system-out/>
  <testcase classname="testNGExample.Scenario1" name="logout" time="0.001"/>
  <system-out/>
</testsuite> <!-- testNGExample.Scenario1 -->
